app/build/intermediates/manifest_merge_blame_file/debug/manifest-merger-blame-debug-report.txt
1<?xml version="1.0" encoding="utf-8"?>
2<manifest xmlns:android="http://schemas.android.com/apk/res/android"
3    package="com.eric.rxjava"
4    android:versionCode="1"
5    android:versionName="1.0" >
6
7    <uses-sdk
8        android:minSdkVersion="21"
8-->src/main/AndroidManifest.xml
9        android:targetSdkVersion="30" />
9-->src/main/AndroidManifest.xml
10
11    <application
11-->src/main/AndroidManifest.xml:5:5-29:19
12        android:allowBackup="true"
12-->src/main/AndroidManifest.xml:6:9-35
13        android:appComponentFactory="androidx.core.app.CoreComponentFactory"
13-->[androidx.core:core:1.5.0] AndroidManifest.xml:24:18-86
14        android:debuggable="true"
15        android:icon="@mipmap/ic_launcher"
15-->src/main/AndroidManifest.xml:7:9-43
16        android:label="@string/app_name"
16-->src/main/AndroidManifest.xml:8:9-41
17        android:roundIcon="@mipmap/ic_launcher_round"
17-->src/main/AndroidManifest.xml:9:9-54
18        android:supportsRtl="true"
18-->src/main/AndroidManifest.xml:10:9-35
19        android:theme="@style/Theme.Rxjava" >
19-->src/main/AndroidManifest.xml:11:9-44
20        <activity
20-->src/main/AndroidManifest.xml:12:9-21:20
21            android:name="com.eric.rxjava.MainActivity"
21-->src/main/AndroidManifest.xml:13:13-41
22            android:label="@string/app_name"
22-->src/main/AndroidManifest.xml:14:13-45
23            android:theme="@style/Theme.Rxjava.NoActionBar" >
23-->src/main/AndroidManifest.xml:15:13-60
24            <intent-filter>
24-->src/main/AndroidManifest.xml:16:13-20:29
25                <action android:name="android.intent.action.MAIN" />
25-->src/main/AndroidManifest.xml:17:17-69
25-->src/main/AndroidManifest.xml:17:25-66
26
27                <category android:name="android.intent.category.LAUNCHER" />
27-->src/main/AndroidManifest.xml:19:17-77
27-->src/main/AndroidManifest.xml:19:27-74
28            </intent-filter>
29        </activity>
30        <activity android:name="com.eric.routers.apt.SecondActivity" />
30-->src/main/AndroidManifest.xml:23:9-71
30-->src/main/AndroidManifest.xml:23:19-69
31        <activity android:name="com.eric.jetpack.JetpackActivity" />
31-->src/main/AndroidManifest.xml:25:9-68
31-->src/main/AndroidManifest.xml:25:19-66
32        <activity android:name="com.eric.lifecycle.LifeCycleActivity" />
32-->src/main/AndroidManifest.xml:26:9-72
32-->src/main/AndroidManifest.xml:26:19-70
33        <activity android:name="com.eric.lifecycle.TestLifeCycleActivity" />
33-->src/main/AndroidManifest.xml:27:9-76
33-->src/main/AndroidManifest.xml:27:19-74
34    </application>
35
36</manifest>